12 lint errors found in /home/fr0609/Documents/euler/10.js
  [18,11](W041) Use '===' to compare with '0'.
  [20,13](W041) Use '===' to compare with '0'.
  [21,13](W041) Use '===' to compare with '0'.
  [22,13](W041) Use '===' to compare with '0'.
  [25,14](W041) Use '===' to compare with '0'.
  [26,18](W041) Use '===' to compare with '0'.
  [27,18](W041) Use '===' to compare with '0'.
  [28,19](W041) Use '===' to compare with '0'.
  [29,19](W041) Use '===' to compare with '0'.
  [30,19](W041) Use '===' to compare with '0'.
  [31,19](W041) Use '===' to compare with '0'.
  [32,19](W041) Use '===' to compare with '0'.9 lint errors found in /home/fr0609/Documents/euler/11.js
  [4,36](W046) Don't use extra leading zeros '00'.
  [4,44](W046) Don't use extra leading zeros '00'.
  [5,88](W046) Don't use extra leading zeros '00'.
  [12,32](W046) Don't use extra leading zeros '00'.
  [12,60](W046) Don't use extra leading zeros '00'.
  [14,60](W046) Don't use extra leading zeros '00'.
  [15,20](W046) Don't use extra leading zeros '00'.
  [29,10](W032) Unnecessary semicolon.
  [30,6](W032) Unnecessary semicolon.2 lint errors found in /home/fr0609/Documents/euler/2.js
  [9,20](W041) Use '===' to compare with '0'.
  [25,2](W033) Missing semicolon.6 lint errors found in /home/fr0609/Documents/euler/3.js
  [5,28](W033) Missing semicolon.
  [6,41](W033) Missing semicolon.
  [9,16](W004) 'isPrime' is already defined.
  [13,17](W041) Use '===' to compare with '0'.
  [13,39](W033) Missing semicolon.
  [26,26](W041) Use '===' to compare with '0'.2 lint errors found in /home/fr0609/Documents/euler/5.js
  [4,22](W041) Use '===' to compare with 'false'.
  [7,23](W041) Use '!==' to compare with '0'.2 lint errors found in /home/fr0609/Documents/euler/7.js
  [18,17](W004) 'isPrime' is already defined.
  [21,20](W041) Use '===' to compare with '0'.2 lint errors found in /home/fr0609/Documents/euler/8.js
  [27,28](W004) 'largestProduct' is already defined.
  [46,24](W033) Missing semicolon.